C:\Windows\system32\config\default
sha1 : ed6b5c139b66a235edb8ceeeaf06b939af3e8b49
M Time : 2021-05-30 07:51:33 (Local)
A Time : 2021-05-29 22:51:33 (Local)
C Time : 2019-12-07 18:03:44 (Local)

C:\Windows\system32\config\SAM
sha1 : 8de916d5761ce0f7b83647d68640641a92dcd77c
M Time : 2021-05-30 07:51:35 (Local)
A Time : 2021-05-29 22:51:35 (Local)
C Time : 2019-12-07 18:03:44 (Local)

C:\Windows\system32\config\SECURITY
sha1 : a10a16c92d454a1efcdbd172501838b71a8c06b1
M Time : 2021-05-30 07:51:34 (Local)
A Time : 2021-05-29 22:51:34 (Local)
C Time : 2019-12-07 18:03:44 (Local)

C:\Windows\system32\config\software
sha1 : 2bfa997d2472f54ec5908ae657da14fad2c87fdb
M Time : 2021-05-30 07:51:33 (Local)
A Time : 2021-05-29 22:51:33 (Local)
C Time : 2019-12-07 18:03:44 (Local)

C:\Windows\system32\config\system
sha1 : 128dea84e5e8553bb733083f6f4db78b2e1efa4c
M Time : 2021-05-30 07:51:33 (Local)
A Time : 2021-05-29 22:51:33 (Local)
C Time : 2019-12-07 18:03:44 (Local)

C:\Windows\system32\config\COMPONENTS
sha1 : 65859ec6450304299a7b3d66897c41b311461e13
M Time : 2021-06-06 22:26:56 (Local)
A Time : 2021-06-07 05:31:33 (Local)
C Time : 2019-12-07 18:03:44 (Local)

C:\\Users\\Default\NTUSER.DAT
sha1 : c6958bcee66ecf07620df95e02d851cd9575b55d
M Time : 2021-05-26 20:41:52 (Local)
A Time : 2021-05-26 11:43:22 (Local)
C Time : 2019-12-07 18:03:44 (Local)

C:\\Users\\Default User\NTUSER.DAT
sha1 : c6958bcee66ecf07620df95e02d851cd9575b55d
M Time : 2021-05-26 20:41:52 (Local)
A Time : 2021-05-26 11:43:22 (Local)
C Time : 2019-12-07 18:03:44 (Local)

C:\\Users\\dongdong\NTUSER.DAT
sha1 : 8c8c7191c7c7cefbcc481e73129308a020a792cf
M Time : 2021-05-31 21:25:19 (Local)
A Time : 2021-05-31 12:25:19 (Local)
C Time : 2021-05-26 20:43:22 (Local)

C:\\Users\\dongdong\Local Settings\Application Data\Microsoft\Windows\USRCLASS.DAT
sha1 : 1d56f54ef263f29a6a884f415174696266f5a516
M Time : 2021-05-31 21:25:19 (Local)
A Time : 2021-05-31 12:25:19 (Local)
C Time : 2021-05-26 20:43:23 (Local)

C:\Windows\inf\setupapi.dev.log
sha1 : 7bede3e1c933d364dd9e4971129de955d890a46c
M Time : 2021-05-31 21:22:29 (Local)
A Time : 2021-05-31 12:22:29 (Local)
C Time : 2021-05-26 20:42:16 (Local)

